{
  "RSpec": {
    "coverage": {
      "/Users/johnnapier/Turing/mod4/technical_challenges/user_practice/config/environment.rb": {
        "lines": [
          null,
          1,
          null,
          null,
          1
        ]
      },
      "/Users/johnnapier/Turing/mod4/technical_challenges/user_practice/config/application.rb": {
        "lines": [
          1,
          null,
          1,
          null,
          1,
          1,
          1,
          1,
          1,
          1,
          1,
          1,
          1,
          null,
          null,
          null,
          null,
          1,
          null,
          1,
          1,
          null,
          1,
          null,
          null,
          null,
          null,
          null,
          null,
          null,
          1,
          null,
          null
        ]
      },
      "/Users/johnnapier/Turing/mod4/technical_challenges/user_practice/config/boot.rb": {
        "lines": [
          1,
          null,
          1,
          1
        ]
      },
      "/Users/johnnapier/Turing/mod4/technical_challenges/user_practice/config/environments/test.rb": {
        "lines": [
          1,
          null,
          null,
          null,
          null,
          null,
          null,
          1,
          null,
          null,
          null,
          null,
          1,
          null,
          null,
          1,
          1,
          null,
          null,
          null,
          null,
          1,
          1,
          null,
          null,
          1,
          null,
          null,
          1,
          null,
          null,
          1,
          null,
          1,
          null,
          null,
          null,
          null,
          1,
          null,
          null,
          1,
          null,
          null,
          null,
          null
        ]
      },
      "/Users/johnnapier/Turing/mod4/technical_challenges/user_practice/config/initializers/application_controller_renderer.rb": {
        "lines": [
          null,
          null,
          null,
          null,
          null,
          null,
          null,
          null
        ]
      },
      "/Users/johnnapier/Turing/mod4/technical_challenges/user_practice/config/initializers/assets.rb": {
        "lines": [
          null,
          null,
          null,
          1,
          null,
          null,
          null,
          null,
          1,
          null,
          null,
          null,
          null,
          null
        ]
      },
      "/Users/johnnapier/Turing/mod4/technical_challenges/user_practice/config/initializers/backtrace_silencers.rb": {
        "lines": [
          null,
          null,
          null,
          null,
          null,
          null,
          null
        ]
      },
      "/Users/johnnapier/Turing/mod4/technical_challenges/user_practice/config/initializers/content_security_policy.rb": {
        "lines": [
          null,
          null,
          null,
          null,
          null,
          null,
          null,
          null,
          null,
          null,
          null,
          null,
          null,
          null,
          null,
          null,
          null,
          null,
          null,
          null,
          null,
          null,
          null,
          null,
          null
        ]
      },
      "/Users/johnnapier/Turing/mod4/technical_challenges/user_practice/config/initializers/cookies_serializer.rb": {
        "lines": [
          null,
          null,
          null,
          null,
          1
        ]
      },
      "/Users/johnnapier/Turing/mod4/technical_challenges/user_practice/config/initializers/filter_parameter_logging.rb": {
        "lines": [
          null,
          null,
          null,
          1
        ]
      },
      "/Users/johnnapier/Turing/mod4/technical_challenges/user_practice/config/initializers/inflections.rb": {
        "lines": [
          null,
          null,
          null,
          null,
          null,
          null,
          null,
          null,
          null,
          null,
          null,
          null,
          null,
          null,
          null,
          null
        ]
      },
      "/Users/johnnapier/Turing/mod4/technical_challenges/user_practice/config/initializers/mime_types.rb": {
        "lines": [
          null,
          null,
          null,
          null
        ]
      },
      "/Users/johnnapier/Turing/mod4/technical_challenges/user_practice/config/initializers/wrap_parameters.rb": {
        "lines": [
          null,
          null,
          null,
          null,
          null,
          null,
          1,
          2,
          null,
          null,
          null,
          null,
          null,
          null
        ]
      },
      "/Users/johnnapier/Turing/mod4/technical_challenges/user_practice/config/routes.rb": {
        "lines": [
          1,
          null,
          null,
          1,
          null,
          1,
          1,
          null,
          1,
          1,
          null
        ]
      },
      "/Users/johnnapier/Turing/mod4/technical_challenges/user_practice/app/helpers/application_helper.rb": {
        "lines": [
          1,
          null
        ]
      },
      "/Users/johnnapier/Turing/mod4/technical_challenges/user_practice/spec/features/welcome_page/index_spec.rb": {
        "lines": [
          1,
          null,
          1,
          1,
          1,
          null,
          1,
          1,
          null,
          1,
          null,
          1,
          null,
          null,
          1,
          1,
          null,
          1,
          1,
          null,
          1,
          null,
          1,
          null,
          null
        ]
      },
      "/Users/johnnapier/Turing/mod4/technical_challenges/user_practice/spec/models/user_spec.rb": {
        "lines": [
          1,
          null,
          1,
          1,
          2,
          2,
          2,
          2,
          2,
          2,
          null,
          null
        ]
      },
      "/Users/johnnapier/Turing/mod4/technical_challenges/user_practice/app/models/user.rb": {
        "lines": [
          1,
          1,
          null,
          null,
          null,
          1,
          1,
          1,
          null,
          1,
          null
        ]
      },
      "/Users/johnnapier/Turing/mod4/technical_challenges/user_practice/app/models/application_record.rb": {
        "lines": [
          1,
          1,
          null
        ]
      },
      "/Users/johnnapier/Turing/mod4/technical_challenges/user_practice/app/controllers/users_controller.rb": {
        "lines": [
          1,
          1,
          null,
          null,
          null,
          1,
          6,
          null,
          6,
          1,
          1,
          null,
          5,
          5,
          null,
          null,
          null,
          1,
          1,
          6,
          null,
          null
        ]
      },
      "/Users/johnnapier/Turing/mod4/technical_challenges/user_practice/app/controllers/application_controller.rb": {
        "lines": [
          1,
          null
        ]
      },
      "/Users/johnnapier/Turing/mod4/technical_challenges/user_practice/app/controllers/sessions_controller.rb": {
        "lines": [
          1,
          1,
          null,
          1,
          6,
          null,
          6,
          3,
          1,
          null,
          1,
          1,
          null,
          2,
          2,
          null,
          null,
          3,
          3,
          null,
          null,
          null,
          1,
          1,
          9,
          null,
          null
        ]
      },
      "/Users/johnnapier/Turing/mod4/technical_challenges/user_practice/app/controllers/welcome_page_controller.rb": {
        "lines": [
          1,
          1,
          null,
          null,
          null
        ]
      }
    },
    "timestamp": 1649893450
  }
}
